<?xml version="1.0" encoding="UTF-8"?>
<testng-results skipped="0" failed="0" ignored="0" total="1" passed="1">
  <reporter-output>
    <line>
      <![CDATA[▀▄▀▄▀ DEVICE PROPERTIES: Capabilities [{reportPdfUrl=https://gm.reporting.perfectomobile.com/export/api/v1/test-executions/pdf?externalId[0]=kingshukn@perfectomobile.com_RemoteWebDriver_18-02-14_12_22_06_20697&_timestamp[0]=1518610926431, eclipseExecutionId=kingshukn@perfectomobile.com_Eclipse_18-02-14_11_22_42_20648, simpleIsVisibleCheck=true, available=false, language=English, deviceName=A66C949759EBB8175471AC2474B89B74B819EF03, deviceId=A66C949759EBB8175471AC2474B89B74B819EF03, resolution=1242x2208, platform=ANY, wifiMacAddress=40:cb:c0:33:6b:d2, manufacturer=Apple, mode=CONNECTED, password=, cradleId=BOS-A4-2-2/VIRTUAL/04, deviceSessionId=A4FF81E713AFD2D9D7F44F9D203FDA1E, osVersion=11.2, driverClass=io.appium.java_client.ios.IOSDriver, automationName=XCUITest, host=gm.perfectomobile.com, singleTestReportUrl=https://gm.reporting.perfectomobile.com?externalId[0]=kingshukn@perfectomobile.com_RemoteWebDriver_18-02-14_12_22_06_20697&_timestamp[0]=1518610926431, inUse=true, takesScreenshot=true, javascriptEnabled=true, model=iPhone-8 Plus, platformName=iOS, firmware=11.2, rotatable=true, testGridReportUrl=https://gm.reporting.perfectomobile.com?externalId[0]=kingshukn@perfectomobile.com_RemoteWebDriver_18-02-14_12_22_06_20697&_timestamp[0]=1518610926431, os=iOS, entityType=appium_driver, xcuitestFindOptimizations=true, allocatedTo=kingshukn@perfectomobile.com, bundleId=com.gm.myChevrolet.enterprise, serverConnector=, securityToken=, executionId=kingshukn@perfectomobile.com_RemoteWebDriver_18-02-14_12_22_06_20697, webdriver.remote.sessionid=7ef60b87-96e6-472b-ab46-d67a43c19c3a, locationContextEnabled=true, scriptName=RemoteWebDriver, location=NA-US-BOS, linkType=lab, reportKey=kingshukn@perfectomobile.com_RemoteWebDriver_18-02-14_12_22_06_20697, windTunnelReportUrl=https://gm.reporting.perfectomobile.com?externalId[0]=kingshukn@perfectomobile.com_RemoteWebDriver_18-02-14_12_22_06_20697&_timestamp[0]=1518610926431, user=, operabilityRatingScore=100, cssSelectorsEnabled=true, status=Connected}] ▀▄▀▄▀]]>
    </line>
    <line>
      <![CDATA[▄ ▄ ▄ BEGIN STEP: sendKeys {text} into {loc} ▄ ▄ ▄]]>
    </line>
    <line>
      <![CDATA[▀ ▀ ▀ END STEP: sendKeys {text} into {loc} ▀ ▀ ▀]]>
    </line>
    <line>
      <![CDATA[<div style="display:block;margin-left:10px;"><div  class="teststeppass"><span class="teststeppass-label">T </span>sendKeys 'Remote Vehicle' into '//*[@label='Search']'</div></div>]]>
    </line>
  </reporter-output>
  <suite name="Appium Demo Suite" duration-ms="81221" started-at="2018-02-14T12:22:00Z" finished-at="2018-02-14T12:23:22Z">
    <groups>
    </groups>
    <test name="iPhone Java Suite" duration-ms="81221" started-at="2018-02-14T12:22:00Z" finished-at="2018-02-14T12:23:22Z">
      <class name="com.custom.suite.GM_Xpath_isPresent">
        <test-method status="PASS" signature="setupSuit(org.testng.ITestContext)[pri:0, instance:com.custom.suite.GM_Xpath_isPresent@7ce3cb8e]" name="setupSuit" is-config="true" duration-ms="16" started-at="2018-02-14T17:52:00Z" finished-at="2018-02-14T17:52:00Z">
          <params>
            <param index="0">
              <value>
                <![CDATA[org.testng.TestRunner@7586beff]]>
              </value>
            </param>
          </params>
          <reporter-output>
          </reporter-output>
        </test-method> <!-- setupSuit -->
        <test-method status="PASS" signature="setupTest(org.testng.ITestContext)[pri:0, instance:com.custom.suite.GM_Xpath_isPresent@7ce3cb8e]" name="setupTest" is-config="true" duration-ms="16" started-at="2018-02-14T17:52:00Z" finished-at="2018-02-14T17:52:00Z">
          <params>
            <param index="0">
              <value>
                <![CDATA[org.testng.TestRunner@7586beff]]>
              </value>
            </param>
          </params>
          <reporter-output>
          </reporter-output>
        </test-method> <!-- setupTest -->
        <test-method status="PASS" signature="setup(org.testng.ITestContext)[pri:0, instance:com.custom.suite.GM_Xpath_isPresent@7ce3cb8e]" name="setup" is-config="true" duration-ms="0" started-at="2018-02-14T17:52:00Z" finished-at="2018-02-14T17:52:00Z">
          <params>
            <param index="0">
              <value>
                <![CDATA[org.testng.TestRunner@7586beff]]>
              </value>
            </param>
          </params>
          <reporter-output>
          </reporter-output>
        </test-method> <!-- setup -->
        <test-method status="PASS" signature="setupMethod(java.lang.reflect.Method, org.testng.ITestContext)[pri:0, instance:com.custom.suite.GM_Xpath_isPresent@7ce3cb8e]" name="setupMethod" is-config="true" duration-ms="0" started-at="2018-02-14T17:52:01Z" finished-at="2018-02-14T17:52:01Z">
          <params>
            <param index="0">
              <value>
                <![CDATA[public void com.custom.suite.GM_Xpath_isPresent.case1() throws java.lang.InterruptedException]]>
              </value>
            </param>
            <param index="1">
              <value>
                <![CDATA[org.testng.TestRunner@7586beff]]>
              </value>
            </param>
          </params>
          <reporter-output>
          </reporter-output>
        </test-method> <!-- setupMethod -->
        <test-method status="PASS" signature="case1()[pri:0, instance:com.custom.suite.GM_Xpath_isPresent@7ce3cb8e]" name="case1" duration-ms="49317" started-at="2018-02-14T17:52:01Z" finished-at="2018-02-14T17:52:50Z">
          <reporter-output>
            <line>
              <![CDATA[▀▄▀▄▀ DEVICE PROPERTIES: Capabilities [{reportPdfUrl=https://gm.reporting.perfectomobile.com/export/api/v1/test-executions/pdf?externalId[0]=kingshukn@perfectomobile.com_RemoteWebDriver_18-02-14_12_22_06_20697&_timestamp[0]=1518610926431, eclipseExecutionId=kingshukn@perfectomobile.com_Eclipse_18-02-14_11_22_42_20648, simpleIsVisibleCheck=true, available=false, language=English, deviceName=A66C949759EBB8175471AC2474B89B74B819EF03, deviceId=A66C949759EBB8175471AC2474B89B74B819EF03, resolution=1242x2208, platform=ANY, wifiMacAddress=40:cb:c0:33:6b:d2, manufacturer=Apple, mode=CONNECTED, password=, cradleId=BOS-A4-2-2/VIRTUAL/04, deviceSessionId=A4FF81E713AFD2D9D7F44F9D203FDA1E, osVersion=11.2, driverClass=io.appium.java_client.ios.IOSDriver, automationName=XCUITest, host=gm.perfectomobile.com, singleTestReportUrl=https://gm.reporting.perfectomobile.com?externalId[0]=kingshukn@perfectomobile.com_RemoteWebDriver_18-02-14_12_22_06_20697&_timestamp[0]=1518610926431, inUse=true, takesScreenshot=true, javascriptEnabled=true, model=iPhone-8 Plus, platformName=iOS, firmware=11.2, rotatable=true, testGridReportUrl=https://gm.reporting.perfectomobile.com?externalId[0]=kingshukn@perfectomobile.com_RemoteWebDriver_18-02-14_12_22_06_20697&_timestamp[0]=1518610926431, os=iOS, entityType=appium_driver, xcuitestFindOptimizations=true, allocatedTo=kingshukn@perfectomobile.com, bundleId=com.gm.myChevrolet.enterprise, serverConnector=, securityToken=, executionId=kingshukn@perfectomobile.com_RemoteWebDriver_18-02-14_12_22_06_20697, webdriver.remote.sessionid=7ef60b87-96e6-472b-ab46-d67a43c19c3a, locationContextEnabled=true, scriptName=RemoteWebDriver, location=NA-US-BOS, linkType=lab, reportKey=kingshukn@perfectomobile.com_RemoteWebDriver_18-02-14_12_22_06_20697, windTunnelReportUrl=https://gm.reporting.perfectomobile.com?externalId[0]=kingshukn@perfectomobile.com_RemoteWebDriver_18-02-14_12_22_06_20697&_timestamp[0]=1518610926431, user=, operabilityRatingScore=100, cssSelectorsEnabled=true, status=Connected}] ▀▄▀▄▀]]>
            </line>
            <line>
              <![CDATA[▄ ▄ ▄ BEGIN STEP: sendKeys {text} into {loc} ▄ ▄ ▄]]>
            </line>
            <line>
              <![CDATA[▀ ▀ ▀ END STEP: sendKeys {text} into {loc} ▀ ▀ ▀]]>
            </line>
            <line>
              <![CDATA[<div style="display:block;margin-left:10px;"><div  class="teststeppass"><span class="teststeppass-label">T </span>sendKeys 'Remote Vehicle' into '//*[@label='Search']'</div></div>]]>
            </line>
          </reporter-output>
        </test-method> <!-- case1 -->
        <test-method status="PASS" signature="afterMethod(org.testng.ITestContext, org.testng.ITestResult)[pri:0, instance:com.custom.suite.GM_Xpath_isPresent@7ce3cb8e]" name="afterMethod" is-config="true" duration-ms="1" started-at="2018-02-14T17:52:50Z" finished-at="2018-02-14T17:52:50Z">
          <params>
            <param index="0">
              <value>
                <![CDATA[org.testng.TestRunner@7586beff]]>
              </value>
            </param>
            <param index="1">
              <value>
                <![CDATA[[TestResult name=case1 status=SUCCESS method=GM_Xpath_isPresent.case1()[pri:0, instance:com.custom.suite.GM_Xpath_isPresent@7ce3cb8e] output=▀▄▀▄▀ DEVICE PROPERTIES: Capabilities [{reportPdfUrl=https://gm.reporting.perfectomobile.com/export/api/v1/test-executions/pdf?externalId[0]=kingshukn@perfectomobile.com_RemoteWebDriver_18-02-14_12_22_06_20697&_timestamp[0]=1518610926431, eclipseExecutionId=kingshukn@perfectomobile.com_Eclipse_18-02-14_11_22_42_20648, simpleIsVisibleCheck=true, available=false, language=English, deviceName=A66C949759EBB8175471AC2474B89B74B819EF03, deviceId=A66C949759EBB8175471AC2474B89B74B819EF03, resolution=1242x2208, platform=ANY, wifiMacAddress=40:cb:c0:33:6b:d2, manufacturer=Apple, mode=CONNECTED, password=, cradleId=BOS-A4-2-2/VIRTUAL/04, deviceSessionId=A4FF81E713AFD2D9D7F44F9D203FDA1E, osVersion=11.2, driverClass=io.appium.java_client.ios.IOSDriver, automationName=XCUITest, host=gm.perfectomobile.com, singleTestReportUrl=https://gm.reporting.perfectomobile.com?externalId[0]=kingshukn@perfectomobile.com_RemoteWebDriver_18-02-14_12_22_06_20697&_timestamp[0]=1518610926431, inUse=true, takesScreenshot=true, javascriptEnabled=true, model=iPhone-8 Plus, platformName=iOS, firmware=11.2, rotatable=true, testGridReportUrl=https://gm.reporting.perfectomobile.com?externalId[0]=kingshukn@perfectomobile.com_RemoteWebDriver_18-02-14_12_22_06_20697&_timestamp[0]=1518610926431, os=iOS, entityType=appium_driver, xcuitestFindOptimizations=true, allocatedTo=kingshukn@perfectomobile.com, bundleId=com.gm.myChevrolet.enterprise, serverConnector=, securityToken=, executionId=kingshukn@perfectomobile.com_RemoteWebDriver_18-02-14_12_22_06_20697, webdriver.remote.sessionid=7ef60b87-96e6-472b-ab46-d67a43c19c3a, locationContextEnabled=true, scriptName=RemoteWebDriver, location=NA-US-BOS, linkType=lab, reportKey=kingshukn@perfectomobile.com_RemoteWebDriver_18-02-14_12_22_06_20697, windTunnelReportUrl=https://gm.reporting.perfectomobile.com?externalId[0]=kingshukn@perfectomobile.com_RemoteWebDriver_18-02-14_12_22_06_20697&_timestamp[0]=1518610926431, user=, operabilityRatingScore=100, cssSelectorsEnabled=true, status=Connected}] ▀▄▀▄▀]]]>
              </value>
            </param>
          </params>
          <reporter-output>
          </reporter-output>
        </test-method> <!-- afterMethod -->
        <test-method status="PASS" signature="afterClass(org.testng.ITestContext)[pri:0, instance:com.custom.suite.GM_Xpath_isPresent@7ce3cb8e]" name="afterClass" is-config="true" duration-ms="1" started-at="2018-02-14T17:52:50Z" finished-at="2018-02-14T17:52:50Z">
          <params>
            <param index="0">
              <value>
                <![CDATA[org.testng.TestRunner@7586beff]]>
              </value>
            </param>
          </params>
          <reporter-output>
          </reporter-output>
        </test-method> <!-- afterClass -->
        <test-method status="PASS" signature="afterTest(org.testng.ITestContext)[pri:0, instance:com.custom.suite.GM_Xpath_isPresent@7ce3cb8e]" name="afterTest" is-config="true" duration-ms="31838" started-at="2018-02-14T17:52:50Z" finished-at="2018-02-14T17:53:22Z">
          <params>
            <param index="0">
              <value>
                <![CDATA[org.testng.TestRunner@7586beff]]>
              </value>
            </param>
          </params>
          <reporter-output>
          </reporter-output>
        </test-method> <!-- afterTest -->
        <test-method status="PASS" signature="afterSuit(org.testng.ITestContext)[pri:0, instance:com.custom.suite.GM_Xpath_isPresent@7ce3cb8e]" name="afterSuit" is-config="true" duration-ms="0" started-at="2018-02-14T17:53:22Z" finished-at="2018-02-14T17:53:22Z">
          <params>
            <param index="0">
              <value>
                <![CDATA[org.testng.TestRunner@7586beff]]>
              </value>
            </param>
          </params>
          <reporter-output>
          </reporter-output>
        </test-method> <!-- afterSuit -->
      </class> <!-- com.custom.suite.GM_Xpath_isPresent -->
    </test> <!-- iPhone Java Suite -->
  </suite> <!-- Appium Demo Suite -->
</testng-results>
