<?xml version="1.0" encoding="UTF-8"?>
<!-- Generated by org.testng.reporters.JUnitXMLReporter -->
<testsuite hostname="ICPL12348" name="Web Scenarios Android Test" tests="8" failures="0" timestamp="30 Aug 2017 11:07:17 GMT" time="123.891" errors="0">
  <testcase name="Search Quantum" time="39.823" classname="com.qmetry.qaf.automation.step.client.Scenario"/>
  <testcase name="Search Quantum with results" time="10.914" classname="com.qmetry.qaf.automation.step.client.Scenario"/>
  <testcase name="Search Keyword Inline Data" time="9.945" classname="com.qmetry.qaf.automation.step.client.DataDrivenScenario"/>
  <testcase name="Search Keyword Inline Data" time="8.099" classname="com.qmetry.qaf.automation.step.client.DataDrivenScenario"/>
  <testcase name="Search Keyword XML Data" time="9.313" classname="com.qmetry.qaf.automation.step.client.DataDrivenScenario"/>
  <testcase name="Search Keyword XML Data" time="7.931" classname="com.qmetry.qaf.automation.step.client.DataDrivenScenario"/>
  <testcase name="Search Keyword CSV Data" time="8.133" classname="com.qmetry.qaf.automation.step.client.DataDrivenScenario"/>
  <testcase name="Search Keyword CSV Data" time="8.597" classname="com.qmetry.qaf.automation.step.client.DataDrivenScenario"/>
</testsuite> <!-- Web Scenarios Android Test -->
