<?xml version="1.0" encoding="UTF-8"?>
<!-- Generated by org.testng.reporters.JUnitXMLReporter -->
<testsuite hostname="ICPL12348" ignored="0" name="Default test" tests="1" failures="1" timestamp="14 Feb 2018 08:03:52 GMT" time="622.006" errors="0">
  <testcase name="case1" time="616.962" classname="com.custom.suite.GM_Xpath_isPresent">
    <failure type="org.openqa.selenium.WebDriverException" message="Failed to execute command webpage info: Operation failed with error: Operation timed out
Command duration or timeout: 600.44 seconds
Build info: version: &amp;apos;2.53.1&amp;apos;, revision: &amp;apos;a36b8b1cd5757287168e54b817830adce9b0158d&amp;apos;, time: &amp;apos;2016-06-30 19:26:09&amp;apos;
System info: host: &amp;apos;ICPL12348&amp;apos;, ip: &amp;apos;10.11.31.246&amp;apos;, os.name: &amp;apos;Windows 8.1&amp;apos;, os.arch: &amp;apos;amd64&amp;apos;, os.version: &amp;apos;6.3&amp;apos;, java.version: &amp;apos;1.8.0_121&amp;apos;
Driver info: com.qmetry.qaf.automation.ui.webdriver.QAFExtendedWebDriver
Capabilities [{reportPdfUrl=https://gm.reporting.perfectomobile.com/export/api/v1/test-executions/pdf?externalId[0]=kingshukn@perfectomobile.com_RemoteWebDriver_18-02-14_07_53_32_20432&amp;amp;_timestamp[0]=1518594812224, eclipseExecutionId=kingshukn@perfectomobile.com_Eclipse_18-02-14_07_22_01_20370, available=false, language=English, deviceName=DDAADA9C, deviceId=DDAADA9C, resolution=1440x2560, platform=ANY, wifiMacAddress=2c:0e:3d:ee:a8:35, manufacturer=Samsung, mode=CONNECTED, password=, cradleId=BOS-A4-2-5/VIRTUAL/01, deviceSessionId=7435CD9E97FBE1CCF201F2FB439A12CC, osVersion=7.0, automationName=XCUITest, host=gm.perfectomobile.com, singleTestReportUrl=https://gm.reporting.perfectomobile.com?externalId[0]=kingshukn@perfectomobile.com_RemoteWebDriver_18-02-14_07_53_32_20432&amp;amp;_timestamp[0]=1518594812224, inUse=true, takesScreenshot=true, javascriptEnabled=true, model=Galaxy S7 Edge, firmware=hero2qltespr-user 7.0 NRD90M G935PVPS4BQG1 release-keys, rotatable=true, testGridReportUrl=https://gm.reporting.perfectomobile.com?externalId[0]=kingshukn@perfectomobile.com_RemoteWebDriver_18-02-14_07_53_32_20432&amp;amp;_timestamp[0]=1518594812224, os=Android, entityType=remote_web_driver, allocatedTo=kingshukn@perfectomobile.com, serverConnector=, securityToken=, executionId=kingshukn@perfectomobile.com_RemoteWebDriver_18-02-14_07_53_32_20432, phoneNumber=+781-608-7855, webdriver.remote.sessionid=8cab25d8-3451-497d-b4df-b8df7feb3733, locationContextEnabled=true, scriptName=RemoteWebDriver, location=NA-US-BOS, linkType=lab, reportKey=kingshukn@perfectomobile.com_RemoteWebDriver_18-02-14_07_53_32_20432, windTunnelReportUrl=https://gm.reporting.perfectomobile.com?externalId[0]=kingshukn@perfectomobile.com_RemoteWebDriver_18-02-14_07_53_32_20432&amp;amp;_timestamp[0]=1518594812224, user=, operabilityRatingScore=100, cssSelectorsEnabled=true, status=Connected}]
Session ID: 8cab25d8-3451-497d-b4df-b8df7feb3733">
      <![CDATA[org.openqa.selenium.WebDriverException: Failed to execute command webpage info: Operation failed with error: Operation timed out
Command duration or timeout: 600.44 seconds
Build info: version: '2.53.1', revision: 'a36b8b1cd5757287168e54b817830adce9b0158d', time: '2016-06-30 19:26:09'
System info: host: 'ICPL12348', ip: '10.11.31.246', os.name: 'Windows 8.1', os.arch: 'amd64', os.version: '6.3', java.version: '1.8.0_121'
Driver info: com.qmetry.qaf.automation.ui.webdriver.QAFExtendedWebDriver
Capabilities [{reportPdfUrl=https://gm.reporting.perfectomobile.com/export/api/v1/test-executions/pdf?externalId[0]=kingshukn@perfectomobile.com_RemoteWebDriver_18-02-14_07_53_32_20432&_timestamp[0]=1518594812224, eclipseExecutionId=kingshukn@perfectomobile.com_Eclipse_18-02-14_07_22_01_20370, available=false, language=English, deviceName=DDAADA9C, deviceId=DDAADA9C, resolution=1440x2560, platform=ANY, wifiMacAddress=2c:0e:3d:ee:a8:35, manufacturer=Samsung, mode=CONNECTED, password=, cradleId=BOS-A4-2-5/VIRTUAL/01, deviceSessionId=7435CD9E97FBE1CCF201F2FB439A12CC, osVersion=7.0, automationName=XCUITest, host=gm.perfectomobile.com, singleTestReportUrl=https://gm.reporting.perfectomobile.com?externalId[0]=kingshukn@perfectomobile.com_RemoteWebDriver_18-02-14_07_53_32_20432&_timestamp[0]=1518594812224, inUse=true, takesScreenshot=true, javascriptEnabled=true, model=Galaxy S7 Edge, firmware=hero2qltespr-user 7.0 NRD90M G935PVPS4BQG1 release-keys, rotatable=true, testGridReportUrl=https://gm.reporting.perfectomobile.com?externalId[0]=kingshukn@perfectomobile.com_RemoteWebDriver_18-02-14_07_53_32_20432&_timestamp[0]=1518594812224, os=Android, entityType=remote_web_driver, allocatedTo=kingshukn@perfectomobile.com, serverConnector=, securityToken=, executionId=kingshukn@perfectomobile.com_RemoteWebDriver_18-02-14_07_53_32_20432, phoneNumber=+781-608-7855, webdriver.remote.sessionid=8cab25d8-3451-497d-b4df-b8df7feb3733, locationContextEnabled=true, scriptName=RemoteWebDriver, location=NA-US-BOS, linkType=lab, reportKey=kingshukn@perfectomobile.com_RemoteWebDriver_18-02-14_07_53_32_20432, windTunnelReportUrl=https://gm.reporting.perfectomobile.com?externalId[0]=kingshukn@perfectomobile.com_RemoteWebDriver_18-02-14_07_53_32_20432&_timestamp[0]=1518594812224, user=, operabilityRatingScore=100, cssSelectorsEnabled=true, status=Connected}]
Session ID: 8cab25d8-3451-497d-b4df-b8df7feb3733
	at sun.reflect.NativeConstructorAccessorImpl.newInstance0(Native Method)
	at sun.reflect.NativeConstructorAccessorImpl.newInstance(NativeConstructorAccessorImpl.java:62)
	at sun.reflect.DelegatingConstructorAccessorImpl.newInstance(DelegatingConstructorAccessorImpl.java:45)
	at java.lang.reflect.Constructor.newInstance(Constructor.java:423)
	at org.openqa.selenium.remote.ErrorHandler.createThrowable(ErrorHandler.java:206)
	at org.openqa.selenium.remote.ErrorHandler.throwIfResponseFailed(ErrorHandler.java:158)
	at org.openqa.selenium.remote.RemoteWebDriver.execute(RemoteWebDriver.java:678)
	at com.qmetry.qaf.automation.ui.webdriver.QAFExtendedWebDriver.execute(QAFExtendedWebDriver.java:234)
	at org.openqa.selenium.remote.RemoteWebDriver.execute(RemoteWebDriver.java:701)
	at com.qmetry.qaf.automation.ui.webdriver.QAFExtendedWebDriver.execute(QAFExtendedWebDriver.java:222)
	at org.openqa.selenium.remote.RemoteWebDriver.getPageSource(RemoteWebDriver.java:511)
	at com.custom.suite.GM_Xpath_isPresent.case1(GM_Xpath_isPresent.java:13)
	at sun.reflect.NativeMethodAccessorImpl.invoke0(Native Method)
	at sun.reflect.NativeMethodAccessorImpl.invoke(NativeMethodAccessorImpl.java:62)
	at sun.reflect.DelegatingMethodAccessorImpl.invoke(DelegatingMethodAccessorImpl.java:43)
	at java.lang.reflect.Method.invoke(Method.java:498)
	at org.testng.internal.MethodInvocationHelper.invokeMethod(MethodInvocationHelper.java:104)
	at org.testng.internal.Invoker.invokeMethod(Invoker.java:645)
	at org.testng.internal.Invoker.invokeTestMethod(Invoker.java:851)
	at org.testng.internal.Invoker.invokeTestMethods(Invoker.java:1177)
	at org.testng.internal.TestMethodWorker.invokeTestMethods(TestMethodWorker.java:129)
	at org.testng.internal.TestMethodWorker.run(TestMethodWorker.java:112)
	at org.testng.TestRunner.privateRun(TestRunner.java:756)
	at org.testng.TestRunner.run(TestRunner.java:610)
	at org.testng.SuiteRunner.runTest(SuiteRunner.java:387)
	at org.testng.SuiteRunner.runSequentially(SuiteRunner.java:382)
	at org.testng.SuiteRunner.privateRun(SuiteRunner.java:340)
	at org.testng.SuiteRunner.run(SuiteRunner.java:289)
	at org.testng.SuiteRunnerWorker.runSuite(SuiteRunnerWorker.java:52)
	at org.testng.SuiteRunnerWorker.run(SuiteRunnerWorker.java:86)
	at org.testng.TestNG.runSuitesSequentially(TestNG.java:1293)
	at org.testng.TestNG.runSuitesLocally(TestNG.java:1218)
	at org.testng.TestNG.runSuites(TestNG.java:1133)
	at org.testng.TestNG.run(TestNG.java:1104)
	at org.testng.remote.AbstractRemoteTestNG.run(AbstractRemoteTestNG.java:132)
	at org.testng.remote.RemoteTestNG.initAndRun(RemoteTestNG.java:230)
	at org.testng.remote.RemoteTestNG.main(RemoteTestNG.java:76)
Caused by: java.lang.RuntimeException: Failed to execute command webpage info: Operation failed with error: Operation timed out
	at com.perfectomobile.selenium.MobileEntity.processCommonResponse(MobileEntity.java:102)
	at com.perfectomobile.selenium.MobileDevice.processResponse(MobileDevice.java:530)
	at com.perfectomobile.selenium.MobileApplication.processResponse(MobileApplication.java:46)
	at com.perfectomobile.selenium.dom.MobileDOMApplication.processResponse(MobileDOMApplication.java:380)
	at com.perfectomobile.selenium.MobileEntity.executeDataCommand(MobileEntity.java:68)
	at com.perfectomobile.selenium.MobileEntity.executeDataCommand(MobileEntity.java:61)
	at com.perfectomobile.selenium.dom.MobileDOMApplication.getProperty(MobileDOMApplication.java:301)
	at com.perfectomobile.selenium.dom.MobileDOMApplication.getPageSource(MobileDOMApplication.java:198)
	at com.perfectomobile.selenium.server.PerfectoMobileDriver.getPageSource(PerfectoMobileDriver.java:824)
	at sun.reflect.NativeMethodAccessorImpl.invoke0(Native Method)
	at sun.reflect.NativeMethodAccessorImpl.invoke(NativeMethodAccessorImpl.java:62)
	at sun.reflect.DelegatingMethodAccessorImpl.invoke(DelegatingMethodAccessorImpl.java:43)
	at java.lang.reflect.Method.invoke(Method.java:498)
	at org.openqa.selenium.support.events.EventFiringWebDriver$2.invoke(EventFiringWebDriver.java:104)
	at com.sun.proxy.$Proxy297.getPageSource(Unknown Source)
	at org.openqa.selenium.support.events.EventFiringWebDriver.getPageSource(EventFiringWebDriver.java:194)
	at org.openqa.selenium.remote.server.handler.GetPageSource.call(GetPageSource.java:30)
	at org.openqa.selenium.remote.server.handler.GetPageSource.call(GetPageSource.java:22)
	at java.util.concurrent.FutureTask.run(FutureTask.java:266)
	at org.openqa.selenium.remote.server.MobileDefaultSession.lambda$execute$0(MobileDefaultSession.java:199)
	at java.util.concurrent.ThreadPoolExecutor.runWorker(ThreadPoolExecutor.java:1142)
	at java.util.concurrent.ThreadPoolExecutor$Worker.run(ThreadPoolExecutor.java:617)
	at java.lang.Thread.run(Thread.java:748)
]]>
    </failure>
  </testcase> <!-- case1 -->
</testsuite> <!-- Default test -->
