<?xml version="1.0" encoding="UTF-8"?>
<!-- Generated by org.testng.reporters.JUnitXMLReporter -->
<testsuite hostname="ICPL12348" name="Android BDD Suite" tests="6" failures="0" timestamp="11 Oct 2017 07:29:31 GMT" time="200.18" errors="0">
  <testcase name="Searching image location from CSV by Custom Steps" time="76.856" classname="com.qmetry.qaf.automation.step.client.DataDrivenScenario"/>
  <testcase name="Searching image location from CSV by Custom Steps" time="28.583" classname="com.qmetry.qaf.automation.step.client.DataDrivenScenario"/>
  <testcase name="Searching image location from CSV by Quantum Steps" time="28.958" classname="com.qmetry.qaf.automation.step.client.DataDrivenScenario"/>
  <testcase name="Searching image location from CSV by Quantum Steps" time="29.883" classname="com.qmetry.qaf.automation.step.client.DataDrivenScenario"/>
  <testcase name="Getting Data from Excel" time="1.143" classname="com.qmetry.qaf.automation.step.client.DataDrivenScenario"/>
  <testcase name="Getting Data from Excel" time="1.18" classname="com.qmetry.qaf.automation.step.client.DataDrivenScenario"/>
</testsuite> <!-- Android BDD Suite -->
