<?xml version="1.0" encoding="UTF-8"?>
<!-- Generated by org.testng.reporters.JUnitXMLReporter -->
<testsuite hostname="ICPL12348" ignored="0" name="iPhone Suite" tests="1" failures="1" timestamp="14 Feb 2018 08:14:00 GMT" time="609.997" errors="0">
  <testcase name="case1" time="607.759" classname="com.custom.suite.GM_Xpath_isPresent">
    <failure type="org.openqa.selenium.WebDriverException" message="Failed to execute command webpage info: getPageProperties command failed. Reason: handset server: null
Command duration or timeout: 600.12 seconds
Build info: version: &amp;apos;2.53.1&amp;apos;, revision: &amp;apos;a36b8b1cd5757287168e54b817830adce9b0158d&amp;apos;, time: &amp;apos;2016-06-30 19:26:09&amp;apos;
System info: host: &amp;apos;ICPL12348&amp;apos;, ip: &amp;apos;10.11.31.246&amp;apos;, os.name: &amp;apos;Windows 8.1&amp;apos;, os.arch: &amp;apos;amd64&amp;apos;, os.version: &amp;apos;6.3&amp;apos;, java.version: &amp;apos;1.8.0_121&amp;apos;
Driver info: com.qmetry.qaf.automation.ui.webdriver.QAFExtendedWebDriver
Capabilities [{reportPdfUrl=https://gm.reporting.perfectomobile.com/export/api/v1/test-executions/pdf?externalId[0]=kingshukn@perfectomobile.com_RemoteWebDriver_18-02-14_08_03_52_20455&amp;amp;_timestamp[0]=1518595432335, eclipseExecutionId=kingshukn@perfectomobile.com_Eclipse_18-02-14_07_22_01_20370, available=false, description=AED TEST IOS, language=English, operatorCode=310120, deviceName=DEA07278E56BDA773CD40966745EFF0FDD14B404, deviceId=DEA07278E56BDA773CD40966745EFF0FDD14B404, operatorName=Sprint, resolution=640x1136, platform=ANY, wifiMacAddress=6c:40:08:45:05:11, manufacturer=Apple, mode=CONNECTED, password=, cradleId=BOS-A4-1-1/VIRTUAL/01, deviceSessionId=7435CD9E97FBE1CCF201F2FB439A12CC, osVersion=10.2, automationName=XCUITest, host=gm.perfectomobile.com, singleTestReportUrl=https://gm.reporting.perfectomobile.com?externalId[0]=kingshukn@perfectomobile.com_RemoteWebDriver_18-02-14_08_03_52_20455&amp;amp;_timestamp[0]=1518595432335, inUse=true, takesScreenshot=true, javascriptEnabled=true, model=iPhone-5S, firmware=10.2, rotatable=true, testGridReportUrl=https://gm.reporting.perfectomobile.com?externalId[0]=kingshukn@perfectomobile.com_RemoteWebDriver_18-02-14_08_03_52_20455&amp;amp;_timestamp[0]=1518595432335, os=iOS, entityType=remote_web_driver, allocatedTo=kingshukn@perfectomobile.com, serverConnector=, securityToken=, executionId=kingshukn@perfectomobile.com_RemoteWebDriver_18-02-14_08_03_52_20455, phoneNumber=+17816987125, webdriver.remote.sessionid=38ab8a9d-67e3-499b-b2e9-fab857000277, locationContextEnabled=true, scriptName=RemoteWebDriver, location=NA-US-BOS, linkType=lab, reportKey=kingshukn@perfectomobile.com_RemoteWebDriver_18-02-14_08_03_52_20455, operatorCountry=United States of America, windTunnelReportUrl=https://gm.reporting.perfectomobile.com?externalId[0]=kingshukn@perfectomobile.com_RemoteWebDriver_18-02-14_08_03_52_20455&amp;amp;_timestamp[0]=1518595432335, user=, operabilityRatingScore=100, cssSelectorsEnabled=true, status=Connected}]
Session ID: 38ab8a9d-67e3-499b-b2e9-fab857000277">
      <![CDATA[org.openqa.selenium.WebDriverException: Failed to execute command webpage info: getPageProperties command failed. Reason: handset server: null
Command duration or timeout: 600.12 seconds
Build info: version: '2.53.1', revision: 'a36b8b1cd5757287168e54b817830adce9b0158d', time: '2016-06-30 19:26:09'
System info: host: 'ICPL12348', ip: '10.11.31.246', os.name: 'Windows 8.1', os.arch: 'amd64', os.version: '6.3', java.version: '1.8.0_121'
Driver info: com.qmetry.qaf.automation.ui.webdriver.QAFExtendedWebDriver
Capabilities [{reportPdfUrl=https://gm.reporting.perfectomobile.com/export/api/v1/test-executions/pdf?externalId[0]=kingshukn@perfectomobile.com_RemoteWebDriver_18-02-14_08_03_52_20455&_timestamp[0]=1518595432335, eclipseExecutionId=kingshukn@perfectomobile.com_Eclipse_18-02-14_07_22_01_20370, available=false, description=AED TEST IOS, language=English, operatorCode=310120, deviceName=DEA07278E56BDA773CD40966745EFF0FDD14B404, deviceId=DEA07278E56BDA773CD40966745EFF0FDD14B404, operatorName=Sprint, resolution=640x1136, platform=ANY, wifiMacAddress=6c:40:08:45:05:11, manufacturer=Apple, mode=CONNECTED, password=, cradleId=BOS-A4-1-1/VIRTUAL/01, deviceSessionId=7435CD9E97FBE1CCF201F2FB439A12CC, osVersion=10.2, automationName=XCUITest, host=gm.perfectomobile.com, singleTestReportUrl=https://gm.reporting.perfectomobile.com?externalId[0]=kingshukn@perfectomobile.com_RemoteWebDriver_18-02-14_08_03_52_20455&_timestamp[0]=1518595432335, inUse=true, takesScreenshot=true, javascriptEnabled=true, model=iPhone-5S, firmware=10.2, rotatable=true, testGridReportUrl=https://gm.reporting.perfectomobile.com?externalId[0]=kingshukn@perfectomobile.com_RemoteWebDriver_18-02-14_08_03_52_20455&_timestamp[0]=1518595432335, os=iOS, entityType=remote_web_driver, allocatedTo=kingshukn@perfectomobile.com, serverConnector=, securityToken=, executionId=kingshukn@perfectomobile.com_RemoteWebDriver_18-02-14_08_03_52_20455, phoneNumber=+17816987125, webdriver.remote.sessionid=38ab8a9d-67e3-499b-b2e9-fab857000277, locationContextEnabled=true, scriptName=RemoteWebDriver, location=NA-US-BOS, linkType=lab, reportKey=kingshukn@perfectomobile.com_RemoteWebDriver_18-02-14_08_03_52_20455, operatorCountry=United States of America, windTunnelReportUrl=https://gm.reporting.perfectomobile.com?externalId[0]=kingshukn@perfectomobile.com_RemoteWebDriver_18-02-14_08_03_52_20455&_timestamp[0]=1518595432335, user=, operabilityRatingScore=100, cssSelectorsEnabled=true, status=Connected}]
Session ID: 38ab8a9d-67e3-499b-b2e9-fab857000277
	at org.openqa.selenium.remote.ErrorHandler.createThrowable(ErrorHandler.java:206)
	at org.openqa.selenium.remote.ErrorHandler.throwIfResponseFailed(ErrorHandler.java:158)
	at org.openqa.selenium.remote.RemoteWebDriver.execute(RemoteWebDriver.java:678)
	at com.qmetry.qaf.automation.ui.webdriver.QAFExtendedWebDriver.execute(QAFExtendedWebDriver.java:234)
	at org.openqa.selenium.remote.RemoteWebDriver.execute(RemoteWebDriver.java:701)
	at com.qmetry.qaf.automation.ui.webdriver.QAFExtendedWebDriver.execute(QAFExtendedWebDriver.java:222)
	at org.openqa.selenium.remote.RemoteWebDriver.getPageSource(RemoteWebDriver.java:511)
	at com.custom.suite.GM_Xpath_isPresent.case1(GM_Xpath_isPresent.java:13)
	at java.util.concurrent.FutureTask.run(FutureTask.java:266)
	at java.util.concurrent.ThreadPoolExecutor.runWorker(ThreadPoolExecutor.java:1142)
	at java.util.concurrent.ThreadPoolExecutor$Worker.run(ThreadPoolExecutor.java:617)
	at java.lang.Thread.run(Thread.java:745)
Caused by: java.lang.RuntimeException: Failed to execute command webpage info: getPageProperties command failed. Reason: handset server: null
	at com.perfectomobile.selenium.MobileEntity.processCommonResponse(MobileEntity.java:102)
	at com.perfectomobile.selenium.MobileDevice.processResponse(MobileDevice.java:530)
	at com.perfectomobile.selenium.MobileApplication.processResponse(MobileApplication.java:46)
	at com.perfectomobile.selenium.dom.MobileDOMApplication.processResponse(MobileDOMApplication.java:380)
	at com.perfectomobile.selenium.MobileEntity.executeDataCommand(MobileEntity.java:68)
	at com.perfectomobile.selenium.MobileEntity.executeDataCommand(MobileEntity.java:61)
	at com.perfectomobile.selenium.dom.MobileDOMApplication.getProperty(MobileDOMApplication.java:301)
	at com.perfectomobile.selenium.dom.MobileDOMApplication.getPageSource(MobileDOMApplication.java:198)
	at com.perfectomobile.selenium.server.PerfectoMobileDriver.getPageSource(PerfectoMobileDriver.java:824)
	at org.openqa.selenium.support.events.EventFiringWebDriver$2.invoke(EventFiringWebDriver.java:104)
	at com.sun.proxy.$Proxy297.getPageSource(Unknown Source)
	at org.openqa.selenium.support.events.EventFiringWebDriver.getPageSource(EventFiringWebDriver.java:194)
	at org.openqa.selenium.remote.server.handler.GetPageSource.call(GetPageSource.java:30)
	at org.openqa.selenium.remote.server.handler.GetPageSource.call(GetPageSource.java:22)
	at java.util.concurrent.FutureTask.run(FutureTask.java:266)
	at org.openqa.selenium.remote.server.MobileDefaultSession.lambda$execute$0(MobileDefaultSession.java:199)
	at java.util.concurrent.ThreadPoolExecutor.runWorker(ThreadPoolExecutor.java:1142)
	at java.util.concurrent.ThreadPoolExecutor$Worker.run(ThreadPoolExecutor.java:617)
	at java.lang.Thread.run(Thread.java:748)
... Removed 24 stack frames]]>
    </failure>
  </testcase> <!-- case1 -->
</testsuite> <!-- iPhone Suite -->
